Top 20 Sort By Count
Count    Total      Mean    Stddev    Min  P50.0  P90.0  P95.0  P99.0    Max  2xx  3xx  4xx  5xx  Request
   67  131.011  1.955388  1.537757  0.001  1.793  4.106  4.951  7.113  7.113   52   15    0    0  GET / HTTP/1.1
   28    9.713  0.346893  0.601522  0.000  0.008  1.514  1.559  2.133  2.133   28    0    0    0  GET /login HTTP/1.1
   28   19.071  0.681107  0.959326  0.002  0.070  1.926  2.260  3.913  3.913    0   28    0    0  POST /login HTTP/1.1
   18   31.893  1.771833  1.205474  0.225  1.380  3.635  4.330  4.330  4.330   18    0    0    0  GET /friends HTTP/1.1
   13   22.161  1.704692  1.175286  0.181  1.558  3.767  3.825  3.825  3.825   13    0    0    0  GET /footprints HTTP/1.1
   12    1.915  0.159583  0.410314  0.001  0.028  0.127  1.514  1.514  1.514    0   12    0    0  GET /logout HTTP/1.1
    9    5.582  0.620222  0.713746  0.020  0.259  2.088  2.088  2.088  2.088    9    0    0    0  GET /diary/entries/jazmyne_emmerich4783 HTTP/1.1
    9    4.574  0.508222  0.482989  0.005  0.743  1.416  1.416  1.416  1.416    0    9    0    0  POST /diary/entry HTTP/1.1
    8    9.443  1.180375  1.611636  0.017  0.791  5.165  5.165  5.165  5.165    8    0    0    0  GET /profile/jazmyne_emmerich4783 HTTP/1.1
    6    2.800  0.466667  0.637372  0.011  0.030  1.419  1.419  1.419  1.419    6    0    0    0  GET /diary/entry/495718 HTTP/1.1
    3    1.992  0.664000  0.592824  0.024  0.515  1.453  1.453  1.453  1.453    3    0    0    0  GET /diary/entry/498011 HTTP/1.1
    3    4.729  1.576333  1.341464  0.020  1.415  3.294  3.294  3.294  3.294    3    0    0    0  GET /profile/karolann_von1050 HTTP/1.1
    3    3.167  1.055667  0.996576  0.017  0.750  2.400  2.400  2.400  2.400    3    0    0    0  GET /diary/entries/ted738 HTTP/1.1
    3    1.485  0.495000  0.681659  0.009  0.017  1.459  1.459  1.459  1.459    3    0    0    0  GET /diary/entry/500041 HTTP/1.1
    3    0.054  0.018000  0.002828  0.014  0.020  0.020  0.020  0.020  0.020    3    0    0    0  GET /diary/entry/493135 HTTP/1.1
    3    2.481  0.827000  0.902850  0.028  0.364  2.089  2.089  2.089  2.089    3    0    0    0  GET /diary/entries/jacklyn_macejkovic3642 HTTP/1.1
    3    0.015  0.005000  0.001414  0.003  0.006  0.006  0.006  0.006  0.006    2    0    1    0  GET /diary/entry/500037 HTTP/1.1
    3    0.986  0.328667  0.398009  0.012  0.084  0.890  0.890  0.890  0.890    3    0    0    0  GET /profile/felicia4932 HTTP/1.1
    3    2.432  0.810667  1.099080  0.032  0.035  2.365  2.365  2.365  2.365    3    0    0    0  GET /diary/entries/felicia4932 HTTP/1.1
    3    2.615  0.871667  0.591041  0.204  0.770  1.641  1.641  1.641  1.641    3    0    0    0  GET /diary/entries/karolann_von1050 HTTP/1.1

Top 20 Sort By Total
Count    Total      Mean    Stddev    Min  P50.0  P90.0  P95.0  P99.0    Max  2xx  3xx  4xx  5xx  Request
   67  131.011  1.955388  1.537757  0.001  1.793  4.106  4.951  7.113  7.113   52   15    0    0  GET / HTTP/1.1
   18   31.893  1.771833  1.205474  0.225  1.380  3.635  4.330  4.330  4.330   18    0    0    0  GET /friends HTTP/1.1
   13   22.161  1.704692  1.175286  0.181  1.558  3.767  3.825  3.825  3.825   13    0    0    0  GET /footprints HTTP/1.1
   28   19.071  0.681107  0.959326  0.002  0.070  1.926  2.260  3.913  3.913    0   28    0    0  POST /login HTTP/1.1
   28    9.713  0.346893  0.601522  0.000  0.008  1.514  1.559  2.133  2.133   28    0    0    0  GET /login HTTP/1.1
    8    9.443  1.180375  1.611636  0.017  0.791  5.165  5.165  5.165  5.165    8    0    0    0  GET /profile/jazmyne_emmerich4783 HTTP/1.1
    9    5.582  0.620222  0.713746  0.020  0.259  2.088  2.088  2.088  2.088    9    0    0    0  GET /diary/entries/jazmyne_emmerich4783 HTTP/1.1
    2    4.738  2.369000  0.953000  1.416  3.322  3.322  3.322  3.322  3.322    2    0    0    0  GET /profile/erwin2829 HTTP/1.1
    3    4.729  1.576333  1.341464  0.020  1.415  3.294  3.294  3.294  3.294    3    0    0    0  GET /profile/karolann_von1050 HTTP/1.1
    9    4.574  0.508222  0.482989  0.005  0.743  1.416  1.416  1.416  1.416    0    9    0    0  POST /diary/entry HTTP/1.1
    1    4.193  4.193000  0.000000  4.193  4.193  4.193  4.193  4.193  4.193    1    0    0    0  GET /diary/entry/498000 HTTP/1.1
    2    3.544  1.772000  0.322000  1.450  2.094  2.094  2.094  2.094  2.094    2    0    0    0  GET /profile/ted738 HTTP/1.1
    3    3.447  1.149000  0.838486  0.371  0.763  2.313  2.313  2.313  2.313    3    0    0    0  GET /diary/entries/erwin2829 HTTP/1.1
    3    3.167  1.055667  0.996576  0.017  0.750  2.400  2.400  2.400  2.400    3    0    0    0  GET /diary/entries/ted738 HTTP/1.1
    1    2.865  2.865000  0.000000  2.865  2.865  2.865  2.865  2.865  2.865    0    1    0    0  POST /diary/comment/499685 HTTP/1.1
    6    2.800  0.466667  0.637372  0.011  0.030  1.419  1.419  1.419  1.419    6    0    0    0  GET /diary/entry/495718 HTTP/1.1
    3    2.615  0.871667  0.591041  0.204  0.770  1.641  1.641  1.641  1.641    3    0    0    0  GET /diary/entries/karolann_von1050 HTTP/1.1
    1    2.610  2.610000  0.000000  2.610  2.610  2.610  2.610  2.610  2.610    1    0    0    0  GET /diary/entry/496126 HTTP/1.1
    3    2.557  0.852333  0.489093  0.251  0.857  1.449  1.449  1.449  1.449    3    0    0    0  GET /diary/entry/496536 HTTP/1.1
    3    2.481  0.827000  0.902850  0.028  0.364  2.089  2.089  2.089  2.089    3    0    0    0  GET /diary/entries/jacklyn_macejkovic3642 HTTP/1.1

Top 20 Sort By Mean
Count    Total      Mean    Stddev    Min  P50.0  P90.0  P95.0  P99.0    Max  2xx  3xx  4xx  5xx  Request
    1    4.193  4.193000  0.000000  4.193  4.193  4.193  4.193  4.193  4.193    1    0    0    0  GET /diary/entry/498000 HTTP/1.1
    1    2.865  2.865000  0.000000  2.865  2.865  2.865  2.865  2.865  2.865    0    1    0    0  POST /diary/comment/499685 HTTP/1.1
    1    2.610  2.610000  0.000000  2.610  2.610  2.610  2.610  2.610  2.610    1    0    0    0  GET /diary/entry/496126 HTTP/1.1
    2    4.738  2.369000  0.953000  1.416  3.322  3.322  3.322  3.322  3.322    2    0    0    0  GET /profile/erwin2829 HTTP/1.1
    1    2.119  2.119000  0.000000  2.119  2.119  2.119  2.119  2.119  2.119    1    0    0    0  GET /diary/entries/valerie_wilkinson3511 HTTP/1.1
   67  131.011  1.955388  1.537757  0.001  1.793  4.106  4.951  7.113  7.113   52   15    0    0  GET / HTTP/1.1
    2    3.544  1.772000  0.322000  1.450  2.094  2.094  2.094  2.094  2.094    2    0    0    0  GET /profile/ted738 HTTP/1.1
   18   31.893  1.771833  1.205474  0.225  1.380  3.635  4.330  4.330  4.330   18    0    0    0  GET /friends HTTP/1.1
   13   22.161  1.704692  1.175286  0.181  1.558  3.767  3.825  3.825  3.825   13    0    0    0  GET /footprints HTTP/1.1
    3    4.729  1.576333  1.341464  0.020  1.415  3.294  3.294  3.294  3.294    3    0    0    0  GET /profile/karolann_von1050 HTTP/1.1
    1    1.529  1.529000  0.000000  1.529  1.529  1.529  1.529  1.529  1.529    0    1    0    0  POST /friends/serenity_ortiz3836 HTTP/1.1
    1    1.326  1.326000  0.000000  1.326  1.326  1.326  1.326  1.326  1.326    0    1    0    0  POST /diary/comment/490783 HTTP/1.1
    2    2.448  1.224000  0.373000  0.851  1.597  1.597  1.597  1.597  1.597    1    1    0    0  GET /profile/jacklyn_macejkovic3642 HTTP/1.1
    2    2.436  1.218000  0.755000  0.463  1.973  1.973  1.973  1.973  1.973    2    0    0    0  GET /diary/entries/jasper4995 HTTP/1.1
    8    9.443  1.180375  1.611636  0.017  0.791  5.165  5.165  5.165  5.165    8    0    0    0  GET /profile/jazmyne_emmerich4783 HTTP/1.1
    3    3.447  1.149000  0.838486  0.371  0.763  2.313  2.313  2.313  2.313    3    0    0    0  GET /diary/entries/erwin2829 HTTP/1.1
    3    3.167  1.055667  0.996576  0.017  0.750  2.400  2.400  2.400  2.400    3    0    0    0  GET /diary/entries/ted738 HTTP/1.1
    1    1.026  1.026000  0.000000  1.026  1.026  1.026  1.026  1.026  1.026    0    1    0    0  POST /diary/comment/497031 HTTP/1.1
    3    2.615  0.871667  0.591041  0.204  0.770  1.641  1.641  1.641  1.641    3    0    0    0  GET /diary/entries/karolann_von1050 HTTP/1.1
    3    2.557  0.852333  0.489093  0.251  0.857  1.449  1.449  1.449  1.449    3    0    0    0  GET /diary/entry/496536 HTTP/1.1

Top 20 Sort By Standard Deviation
Count    Total      Mean    Stddev    Min  P50.0  P90.0  P95.0  P99.0    Max  2xx  3xx  4xx  5xx  Request
    8    9.443  1.180375  1.611636  0.017  0.791  5.165  5.165  5.165  5.165    8    0    0    0  GET /profile/jazmyne_emmerich4783 HTTP/1.1
   67  131.011  1.955388  1.537757  0.001  1.793  4.106  4.951  7.113  7.113   52   15    0    0  GET / HTTP/1.1
    3    4.729  1.576333  1.341464  0.020  1.415  3.294  3.294  3.294  3.294    3    0    0    0  GET /profile/karolann_von1050 HTTP/1.1
   18   31.893  1.771833  1.205474  0.225  1.380  3.635  4.330  4.330  4.330   18    0    0    0  GET /friends HTTP/1.1
   13   22.161  1.704692  1.175286  0.181  1.558  3.767  3.825  3.825  3.825   13    0    0    0  GET /footprints HTTP/1.1
    3    2.432  0.810667  1.099080  0.032  0.035  2.365  2.365  2.365  2.365    3    0    0    0  GET /diary/entries/felicia4932 HTTP/1.1
    3    3.167  1.055667  0.996576  0.017  0.750  2.400  2.400  2.400  2.400    3    0    0    0  GET /diary/entries/ted738 HTTP/1.1
   28   19.071  0.681107  0.959326  0.002  0.070  1.926  2.260  3.913  3.913    0   28    0    0  POST /login HTTP/1.1
    2    4.738  2.369000  0.953000  1.416  3.322  3.322  3.322  3.322  3.322    2    0    0    0  GET /profile/erwin2829 HTTP/1.1
    3    2.481  0.827000  0.902850  0.028  0.364  2.089  2.089  2.089  2.089    3    0    0    0  GET /diary/entries/jacklyn_macejkovic3642 HTTP/1.1
    3    3.447  1.149000  0.838486  0.371  0.763  2.313  2.313  2.313  2.313    3    0    0    0  GET /diary/entries/erwin2829 HTTP/1.1
    2    2.436  1.218000  0.755000  0.463  1.973  1.973  1.973  1.973  1.973    2    0    0    0  GET /diary/entries/jasper4995 HTTP/1.1
    9    5.582  0.620222  0.713746  0.020  0.259  2.088  2.088  2.088  2.088    9    0    0    0  GET /diary/entries/jazmyne_emmerich4783 HTTP/1.1
    3    1.485  0.495000  0.681659  0.009  0.017  1.459  1.459  1.459  1.459    3    0    0    0  GET /diary/entry/500041 HTTP/1.1
    6    2.800  0.466667  0.637372  0.011  0.030  1.419  1.419  1.419  1.419    6    0    0    0  GET /diary/entry/495718 HTTP/1.1
   28    9.713  0.346893  0.601522  0.000  0.008  1.514  1.559  2.133  2.133   28    0    0    0  GET /login HTTP/1.1
    3    1.992  0.664000  0.592824  0.024  0.515  1.453  1.453  1.453  1.453    3    0    0    0  GET /diary/entry/498011 HTTP/1.1
    3    2.615  0.871667  0.591041  0.204  0.770  1.641  1.641  1.641  1.641    3    0    0    0  GET /diary/entries/karolann_von1050 HTTP/1.1
    2    1.385  0.692500  0.563500  0.129  1.256  1.256  1.256  1.256  1.256    2    0    0    0  GET /profile/ubaldo3630 HTTP/1.1
    2    1.026  0.513000  0.503000  0.010  1.016  1.016  1.016  1.016  1.016    2    0    0    0  GET /diary/entries/ubaldo3630 HTTP/1.1

Top 20 Sort By Maximum(100 Percentile)
Count    Total      Mean    Stddev    Min  P50.0  P90.0  P95.0  P99.0    Max  2xx  3xx  4xx  5xx  Request
   67  131.011  1.955388  1.537757  0.001  1.793  4.106  4.951  7.113  7.113   52   15    0    0  GET / HTTP/1.1
    8    9.443  1.180375  1.611636  0.017  0.791  5.165  5.165  5.165  5.165    8    0    0    0  GET /profile/jazmyne_emmerich4783 HTTP/1.1
   18   31.893  1.771833  1.205474  0.225  1.380  3.635  4.330  4.330  4.330   18    0    0    0  GET /friends HTTP/1.1
    1    4.193  4.193000  0.000000  4.193  4.193  4.193  4.193  4.193  4.193    1    0    0    0  GET /diary/entry/498000 HTTP/1.1
   28   19.071  0.681107  0.959326  0.002  0.070  1.926  2.260  3.913  3.913    0   28    0    0  POST /login HTTP/1.1
   13   22.161  1.704692  1.175286  0.181  1.558  3.767  3.825  3.825  3.825   13    0    0    0  GET /footprints HTTP/1.1
    2    4.738  2.369000  0.953000  1.416  3.322  3.322  3.322  3.322  3.322    2    0    0    0  GET /profile/erwin2829 HTTP/1.1
    3    4.729  1.576333  1.341464  0.020  1.415  3.294  3.294  3.294  3.294    3    0    0    0  GET /profile/karolann_von1050 HTTP/1.1
    1    2.865  2.865000  0.000000  2.865  2.865  2.865  2.865  2.865  2.865    0    1    0    0  POST /diary/comment/499685 HTTP/1.1
    1    2.610  2.610000  0.000000  2.610  2.610  2.610  2.610  2.610  2.610    1    0    0    0  GET /diary/entry/496126 HTTP/1.1
    3    3.167  1.055667  0.996576  0.017  0.750  2.400  2.400  2.400  2.400    3    0    0    0  GET /diary/entries/ted738 HTTP/1.1
    3    2.432  0.810667  1.099080  0.032  0.035  2.365  2.365  2.365  2.365    3    0    0    0  GET /diary/entries/felicia4932 HTTP/1.1
    3    3.447  1.149000  0.838486  0.371  0.763  2.313  2.313  2.313  2.313    3    0    0    0  GET /diary/entries/erwin2829 HTTP/1.1
   28    9.713  0.346893  0.601522  0.000  0.008  1.514  1.559  2.133  2.133   28    0    0    0  GET /login HTTP/1.1
    1    2.119  2.119000  0.000000  2.119  2.119  2.119  2.119  2.119  2.119    1    0    0    0  GET /diary/entries/valerie_wilkinson3511 HTTP/1.1
    2    3.544  1.772000  0.322000  1.450  2.094  2.094  2.094  2.094  2.094    2    0    0    0  GET /profile/ted738 HTTP/1.1
    3    2.481  0.827000  0.902850  0.028  0.364  2.089  2.089  2.089  2.089    3    0    0    0  GET /diary/entries/jacklyn_macejkovic3642 HTTP/1.1
    9    5.582  0.620222  0.713746  0.020  0.259  2.088  2.088  2.088  2.088    9    0    0    0  GET /diary/entries/jazmyne_emmerich4783 HTTP/1.1
    2    2.436  1.218000  0.755000  0.463  1.973  1.973  1.973  1.973  1.973    2    0    0    0  GET /diary/entries/jasper4995 HTTP/1.1
    3    2.615  0.871667  0.591041  0.204  0.770  1.641  1.641  1.641  1.641    3    0    0    0  GET /diary/entries/karolann_von1050 HTTP/1.1

TOP 37 Slow Requests
 1  7.113  GET / HTTP/1.1
 2  5.642  GET / HTTP/1.1
 3  5.279  GET / HTTP/1.1
 4  5.165  GET /profile/jazmyne_emmerich4783 HTTP/1.1
 5  4.951  GET / HTTP/1.1
 6  4.462  GET / HTTP/1.1
 7  4.330  GET /friends HTTP/1.1
 8  4.283  GET / HTTP/1.1
 9  4.193  GET /diary/entry/498000 HTTP/1.1
10  4.106  GET / HTTP/1.1
11  3.913  GET / HTTP/1.1
12  3.913  POST /login HTTP/1.1
13  3.864  GET / HTTP/1.1
14  3.825  GET /footprints HTTP/1.1
15  3.767  GET /footprints HTTP/1.1
16  3.635  GET /friends HTTP/1.1
17  3.622  GET / HTTP/1.1
18  3.593  GET / HTTP/1.1
19  3.433  GET / HTTP/1.1
20  3.322  GET /profile/erwin2829 HTTP/1.1
21  3.302  GET / HTTP/1.1
22  3.294  GET /profile/karolann_von1050 HTTP/1.1
23  3.243  GET / HTTP/1.1
24  3.187  GET /friends HTTP/1.1
25  3.109  GET /friends HTTP/1.1
26  3.073  GET / HTTP/1.1
27  3.029  GET / HTTP/1.1
28  2.962  GET /footprints HTTP/1.1
29  2.870  GET /friends HTTP/1.1
30  2.865  POST /diary/comment/499685 HTTP/1.1
31  2.812  GET / HTTP/1.1
32  2.687  GET / HTTP/1.1
33  2.610  GET /diary/entry/496126 HTTP/1.1
34  2.565  GET / HTTP/1.1
35  2.473  GET /friends HTTP/1.1
36  2.472  GET / HTTP/1.1
37  2.470  GET / HTTP/1.1
